[01m[K/root/catkin_ws/src/localization/src/localizer_node.cpp:[m[K In member function ‘[01m[KEigen::Matrix4f Localizer::align_map(pcl::PointCloud<pcl::PointXYZI>::Ptr)[m[K’:
[01m[K/root/catkin_ws/src/localization/src/localizer_node.cpp:190:26:[m[K [01;31m[Kerror: [m[K‘[01m[Ktransform[m[K’ was not declared in this scope
  190 |     Eigen::Quaternionf q([01;31m[Ktransform[m[K.getRotation().getW(), \
      |                          [01;31m[K^~~~~~~~~[m[K
[01m[K/root/catkin_ws/src/localization/src/localizer_node.cpp:190:26:[m[K [01;36m[Knote: [m[Ksuggested alternatives:
In file included from [01m[K/usr/include/c++/9/algorithm:62[m[K,
                 from [01m[K/usr/include/boost/math/tools/config.hpp:18[m[K,
                 from [01m[K/usr/include/boost/math/special_functions/round.hpp:13[m[K,
                 from [01m[K/opt/ros/noetic/include/ros/time.h:58[m[K,
                 from [01m[K/opt/ros/noetic/include/ros/ros.h:38[m[K,
                 from [01m[K/root/catkin_ws/src/localization/src/localizer_node.cpp:6[m[K:
[01m[K/usr/include/c++/9/bits/stl_algo.h:4369:5:[m[K [01;36m[Knote: [m[K  ‘[01m[Kstd::transform[m[K’
 4369 |     [01;36m[Ktransform[m[K(_InputIterator1 __first1, _InputIterator1 __last1,
      |     [01;36m[K^~~~~~~~~[m[K
In file included from [01m[K/usr/include/boost/variant/variant.hpp:90[m[K,
                 from [01m[K/usr/include/boost/signals2/slot_base.hpp:22[m[K,
                 from [01m[K/usr/include/boost/signals2/detail/tracked_objects_visitor.hpp:18[m[K,
                 from [01m[K/usr/include/boost/signals2/slot.hpp:22[m[K,
                 from [01m[K/usr/include/boost/signals2/connection.hpp:24[m[K,
                 from [01m[K/usr/include/boost/signals2/signal.hpp:22[m[K,
                 from [01m[K/usr/include/boost/signals2.hpp:19[m[K,
                 from [01m[K/opt/ros/noetic/include/tf/tf.h:46[m[K,
                 from [01m[K/opt/ros/noetic/include/tf/transform_broadcaster.h:36[m[K,
                 from [01m[K/root/catkin_ws/src/localization/src/localizer_node.cpp:10[m[K:
[01m[K/usr/include/boost/mpl/transform.hpp:138:1:[m[K [01;36m[Knote: [m[K  ‘[01m[Kboost::mpl::transform[m[K’
  138 | [01;36m[KAUX778076_TRANSFORM_DEF[m[K(transform)
      | [01;36m[K^~~~~~~~~~~~~~~~~~~~~~~[m[K
make[2]: *** [CMakeFiles/localizer.dir/build.make:63: CMakeFiles/localizer.dir/src/localizer_node.cpp.o] Error 1
make[1]: *** [CMakeFiles/Makefile2:2056: CMakeFiles/localizer.dir/all] Error 2
make: *** [Makefile:141: all] Error 2
