[01m[K/root/catkin_ws/src/localization/src/localizer_node.cpp:[m[K In member function ‘[01m[KEigen::Matrix4f Localizer::align_map(pcl::PointCloud<pcl::PointXYZI>::Ptr)[m[K’:
[01m[K/root/catkin_ws/src/localization/src/localizer_node.cpp:191:5:[m[K [01;31m[Kerror: [m[K‘[01m[Kcout[m[K’ was not declared in this scope; did you mean ‘[01m[Kstd::cout[m[K’?
  191 |     [01;31m[Kcout[m[K << "Original: " << scan_points->points.size() << endl;
      |     [01;31m[K^~~~[m[K
      |     [32m[Kstd::cout[m[K
In file included from [01m[K/root/catkin_ws/src/localization/src/localizer_node.cpp:1[m[K:
[01m[K/usr/include/c++/9/iostream:61:18:[m[K [01;36m[Knote: [m[K‘[01m[Kstd::cout[m[K’ declared here
   61 |   extern ostream [01;36m[Kcout[m[K;  /// Linked to standard output
      |                  [01;36m[K^~~~[m[K
[01m[K/root/catkin_ws/src/localization/src/localizer_node.cpp:191:59:[m[K [01;31m[Kerror: [m[K‘[01m[Kendl[m[K’ was not declared in this scope; did you mean ‘[01m[Kstd::endl[m[K’?
  191 |     cout << "Original: " << scan_points->points.size() << [01;31m[Kendl[m[K;
      |                                                           [01;31m[K^~~~[m[K
      |                                                           [32m[Kstd::endl[m[K
In file included from [01m[K/usr/include/c++/9/iostream:39[m[K,
                 from [01m[K/root/catkin_ws/src/localization/src/localizer_node.cpp:1[m[K:
[01m[K/usr/include/c++/9/ostream:599:5:[m[K [01;36m[Knote: [m[K‘[01m[Kstd::endl[m[K’ declared here
  599 |     [01;36m[Kendl[m[K(basic_ostream<_CharT, _Traits>& __os)
      |     [01;36m[K^~~~[m[K
[01m[K/root/catkin_ws/src/localization/src/localizer_node.cpp:203:35:[m[K [01;31m[Kerror: [m[K‘[01m[Kbag_cloud[m[K’ was not declared in this scope; did you mean ‘[01m[Kbag_cloud2[m[K’?
  203 |     cout<<"voxel grid filter1: "<<[01;31m[Kbag_cloud[m[K->points.size()<<endl;
      |                                   [01;31m[K^~~~~~~~~[m[K
      |                                   [32m[Kbag_cloud2[m[K
make[2]: *** [CMakeFiles/localizer.dir/build.make:63: CMakeFiles/localizer.dir/src/localizer_node.cpp.o] Error 1
make[1]: *** [CMakeFiles/Makefile2:2056: CMakeFiles/localizer.dir/all] Error 2
make: *** [Makefile:141: all] Error 2
