[01m[K/root/catkin_ws/src/localization/src/localizer_node.cpp:[m[K In member function ‘[01m[KEigen::Matrix4f Localizer::align_map(pcl::PointCloud<pcl::PointXYZI>::Ptr)[m[K’:
[01m[K/root/catkin_ws/src/localization/src/localizer_node.cpp:240:35:[m[K [01;31m[Kerror: [m[Kno matching function for call to ‘[01m[Kpcl::IterativeClosestPoint<pcl::PointXYZI, pcl::PointXYZI>::align(pcl::PointCloud<pcl::PointXYZI>::Ptr&)[m[K’
  240 |     icp.align(transformed_scan_ptr[01;31m[K)[m[K;
      |                                   [01;31m[K^[m[K
In file included from [01m[K/usr/include/pcl-1.10/pcl/registration/registration.h:616[m[K,
                 from [01m[K/usr/include/pcl-1.10/pcl/registration/icp.h:47[m[K,
                 from [01m[K/root/catkin_ws/src/localization/src/localizer_node.cpp:17[m[K:
[01m[K/usr/include/pcl-1.10/pcl/registration/impl/registration.hpp:153:1:[m[K [01;36m[Knote: [m[Kcandidate: ‘[01m[Kvoid pcl::Registration<PointSource, PointTarget, Scalar>::align(pcl::Registration<PointSource, PointTarget, Scalar>::PointCloudSource&) [with PointSource = pcl::PointXYZI; PointTarget = pcl::PointXYZI; Scalar = float; pcl::Registration<PointSource, PointTarget, Scalar>::PointCloudSource = pcl::PointCloud<pcl::PointXYZI>][m[K’
  153 | [01;36m[Kpcl[m[K::Registration<PointSource, PointTarget, Scalar>::align (PointCloudSource &output)
      | [01;36m[K^~~[m[K
[01m[K/usr/include/pcl-1.10/pcl/registration/impl/registration.hpp:153:79:[m[K [01;36m[Knote: [m[K  no known conversion for argument 1 from ‘[01m[Kpcl::PointCloud<pcl::PointXYZI>::Ptr[m[K’ {aka ‘[01m[Kboost::shared_ptr<pcl::PointCloud<pcl::PointXYZI> >[m[K’} to ‘[01m[Kpcl::Registration<pcl::PointXYZI, pcl::PointXYZI, float>::PointCloudSource&[m[K’ {aka ‘[01m[Kpcl::PointCloud<pcl::PointXYZI>&[m[K’}
  153 | pcl::Registration<PointSource, PointTarget, Scalar>::align ([01;36m[KPointCloudSource &output[m[K)
      |                                                             [01;36m[K~~~~~~~~~~~~~~~~~~^~~~~~[m[K
[01m[K/usr/include/pcl-1.10/pcl/registration/impl/registration.hpp:160:1:[m[K [01;36m[Knote: [m[Kcandidate: ‘[01m[Kvoid pcl::Registration<PointSource, PointTarget, Scalar>::align(pcl::Registration<PointSource, PointTarget, Scalar>::PointCloudSource&, const Matrix4&) [with PointSource = pcl::PointXYZI; PointTarget = pcl::PointXYZI; Scalar = float; pcl::Registration<PointSource, PointTarget, Scalar>::PointCloudSource = pcl::PointCloud<pcl::PointXYZI>; pcl::Registration<PointSource, PointTarget, Scalar>::Matrix4 = Eigen::Matrix<float, 4, 4>][m[K’
  160 | [01;36m[Kpcl[m[K::Registration<PointSource, PointTarget, Scalar>::align (PointCloudSource &output, const Matrix4& guess)
      | [01;36m[K^~~[m[K
[01m[K/usr/include/pcl-1.10/pcl/registration/impl/registration.hpp:160:1:[m[K [01;36m[Knote: [m[K  candidate expects 2 arguments, 1 provided
[01m[K/root/catkin_ws/src/localization/src/localizer_node.cpp:250:21:[m[K [01;31m[Kerror: [m[Kno match for ‘[01m[Koperator*[m[K’ (operand types are ‘[01m[KEigen::Matrix4f[m[K’ {aka ‘[01m[KEigen::Matrix<float, 4, 4>[m[K’} and ‘[01m[Kpcl::PointCloud<pcl::PointXYZI>::Ptr[m[K’ {aka ‘[01m[Kboost::shared_ptr<pcl::PointCloud<pcl::PointXYZI> >[m[K’})
  250 |     result = [32m[Kresult[m[K [01;31m[K*[m[K [34m[Kfiltered_scan_ptr[m[K + transformed_scan_ptr
      |              [32m[K~~~~~~[m[K [01;31m[K^[m[K [34m[K~~~~~~~~~~~~~~~~~[m[K
      |              [32m[K|[m[K        [34m[K|[m[K
      |              [32m[K|[m[K        [34m[Kpcl::PointCloud<pcl::PointXYZI>::Ptr {aka boost::shared_ptr<pcl::PointCloud<pcl::PointXYZI> >}[m[K
      |              [32m[KEigen::Matrix4f {aka Eigen::Matrix<float, 4, 4>}[m[K
In file included from [01m[K/usr/include/eigen3/Eigen/Core:88[m[K,
                 from [01m[K/usr/include/eigen3/Eigen/Geometry:11[m[K,
                 from [01m[K/opt/ros/noetic/include/tf2_eigen/tf2_eigen.h:33[m[K,
                 from [01m[K/root/catkin_ws/src/localization/src/localizer_node.cpp:12[m[K:
[01m[K/usr/include/eigen3/Eigen/src/Core/../plugins/CommonCwiseBinaryOps.h:50:29:[m[K [01;36m[Knote: [m[Kcandidate: ‘[01m[Ktemplate<class T> typename Eigen::internal::enable_if<true, const Eigen::CwiseBinaryOp<Eigen::internal::scalar_product_op<typename Eigen::internal::traits<T>::Scalar, typename Eigen::internal::promote_scalar_arg<typename Eigen::internal::traits<T>::Scalar, T, Eigen::internal::has_ReturnType<Eigen::ScalarBinaryOpTraits<typename Eigen::internal::traits<T>::Scalar, T, Eigen::internal::scalar_product_op<typename Eigen::internal::traits<T>::Scalar, T> > >::value>::type>, const Derived, const typename Eigen::internal::plain_constant_type<Derived, typename Eigen::internal::promote_scalar_arg<typename Eigen::internal::traits<T>::Scalar, T, Eigen::internal::has_ReturnType<Eigen::ScalarBinaryOpTraits<typename Eigen::internal::traits<T>::Scalar, T, Eigen::internal::scalar_product_op<typename Eigen::internal::traits<T>::Scalar, T> > >::value>::type>::type> >::type Eigen::MatrixBase<Derived>::operator*(const T&) const [with T = T; Derived = Eigen::Matrix<float, 4, 4>][m[K’
   50 | EIGEN_MAKE_SCALAR_BINARY_OP([01;36m[Koperator[m[K*,product)
      |                             [01;36m[K^~~~~~~~[m[K
[01m[K/usr/include/eigen3/Eigen/src/Core/util/Macros.h:981:4:[m[K [01;36m[Knote: [m[Kin definition of macro ‘[01m[KEIGEN_MAKE_SCALAR_BINARY_OP_ONTHERIGHT[m[K’
  981 |   ([01;36m[KMETHOD[m[K)(const T& scalar) const { \
      |    [01;36m[K^~~~~~[m[K
[01m[K/usr/include/eigen3/Eigen/src/Core/../plugins/CommonCwiseBinaryOps.h:50:1:[m[K [01;36m[Knote: [m[Kin expansion of macro ‘[01m[KEIGEN_MAKE_SCALAR_BINARY_OP[m[K’
   50 | [01;36m[KEIGEN_MAKE_SCALAR_BINARY_OP[m[K(operator*,product)
      | [01;36m[K^~~~~~~~~~~~~~~~~~~~~~~~~~~[m[K
[01m[K/usr/include/eigen3/Eigen/src/Core/../plugins/CommonCwiseBinaryOps.h:50:29:[m[K [01;36m[Knote: [m[K  template argument deduction/substitution failed:
   50 | EIGEN_MAKE_SCALAR_BINARY_OP([01;36m[Koperator[m[K*,product)
      |                             [01;36m[K^~~~~~~~[m[K
[01m[K/usr/include/eigen3/Eigen/src/Core/util/Macros.h:981:4:[m[K [01;36m[Knote: [m[Kin definition of macro ‘[01m[KEIGEN_MAKE_SCALAR_BINARY_OP_ONTHERIGHT[m[K’
  981 |   ([01;36m[KMETHOD[m[K)(const T& scalar) const { \
      |    [01;36m[K^~~~~~[m[K
[01m[K/usr/include/eigen3/Eigen/src/Core/../plugins/CommonCwiseBinaryOps.h:50:1:[m[K [01;36m[Knote: [m[Kin expansion of macro ‘[01m[KEIGEN_MAKE_SCALAR_BINARY_OP[m[K’
   50 | [01;36m[KEIGEN_MAKE_SCALAR_BINARY_OP[m[K(operator*,product)
      | [01;36m[K^~~~~~~~~~~~~~~~~~~~~~~~~~~[m[K
/usr/include/eigen3/Eigen/src/Core/../plugins/CommonCwiseBinaryOps.h: In substitution of ‘[01m[Ktemplate<class T> typename Eigen::internal::enable_if<true, const Eigen::CwiseBinaryOp<Eigen::internal::scalar_product_op<float, typename Eigen::internal::promote_scalar_arg<float, T, Eigen::internal::has_ReturnType<Eigen::ScalarBinaryOpTraits<float, T, Eigen::internal::scalar_product_op<float, T> > >::value>::type>, const Eigen::Matrix<float, 4, 4>, const typename Eigen::internal::plain_constant_type<Eigen::Matrix<float, 4, 4>, typename Eigen::internal::promote_scalar_arg<float, T, Eigen::internal::has_ReturnType<Eigen::ScalarBinaryOpTraits<float, T, Eigen::internal::scalar_product_op<float, T> > >::value>::type>::type> >::type Eigen::MatrixBase<Eigen::Matrix<float, 4, 4> >::operator*<T>(const T&) const [with T = boost::shared_ptr<pcl::PointCloud<pcl::PointXYZI> >][m[K’:
[01m[K/root/catkin_ws/src/localization/src/localizer_node.cpp:250:23:[m[K   required from here
[01m[K/usr/include/eigen3/Eigen/src/Core/../plugins/CommonCwiseBinaryOps.h:50:29:[m[K [01;31m[Kerror: [m[Kno type named ‘[01m[Ktype[m[K’ in ‘[01m[Kstruct Eigen::internal::promote_scalar_arg<float, boost::shared_ptr<pcl::PointCloud<pcl::PointXYZI> >, false>[m[K’
   50 | EIGEN_MAKE_SCALAR_BINARY_OP([01;31m[Koperator[m[K*,product)
      |                             [01;31m[K^~~~~~~~[m[K
[01m[K/usr/include/eigen3/Eigen/src/Core/util/Macros.h:981:4:[m[K [01;36m[Knote: [m[Kin definition of macro ‘[01m[KEIGEN_MAKE_SCALAR_BINARY_OP_ONTHERIGHT[m[K’
  981 |   ([01;36m[KMETHOD[m[K)(const T& scalar) const { \
      |    [01;36m[K^~~~~~[m[K
[01m[K/usr/include/eigen3/Eigen/src/Core/../plugins/CommonCwiseBinaryOps.h:50:1:[m[K [01;36m[Knote: [m[Kin expansion of macro ‘[01m[KEIGEN_MAKE_SCALAR_BINARY_OP[m[K’
   50 | [01;36m[KEIGEN_MAKE_SCALAR_BINARY_OP[m[K(operator*,product)
      | [01;36m[K^~~~~~~~~~~~~~~~~~~~~~~~~~~[m[K
In file included from [01m[K/usr/include/eigen3/Eigen/Core:436[m[K,
                 from [01m[K/usr/include/eigen3/Eigen/Geometry:11[m[K,
                 from [01m[K/opt/ros/noetic/include/tf2_eigen/tf2_eigen.h:33[m[K,
                 from [01m[K/root/catkin_ws/src/localization/src/localizer_node.cpp:12[m[K:
[01m[K/usr/include/eigen3/Eigen/src/Core/MatrixBase.h:166:5:[m[K [01;36m[Knote: [m[Kcandidate: ‘[01m[Ktemplate<class OtherDerived> const Eigen::Product<Derived, OtherDerived> Eigen::MatrixBase<Derived>::operator*(const Eigen::MatrixBase<OtherDerived>&) const [with OtherDerived = OtherDerived; Derived = Eigen::Matrix<float, 4, 4>][m[K’
  166 |     [01;36m[Koperator[m[K*(const MatrixBase<OtherDerived> &other) const;
      |     [01;36m[K^~~~~~~~[m[K
[01m[K/usr/include/eigen3/Eigen/src/Core/MatrixBase.h:166:5:[m[K [01;36m[Knote: [m[K  template argument deduction/substitution failed:
[01m[K/root/catkin_ws/src/localization/src/localizer_node.cpp:250:23:[m[K [01;36m[Knote: [m[K  ‘[01m[Kpcl::PointCloud<pcl::PointXYZI>::Ptr[m[K’ {aka ‘[01m[Kboost::shared_ptr<pcl::PointCloud<pcl::PointXYZI> >[m[K’} is not derived from ‘[01m[Kconst Eigen::MatrixBase<Derived>[m[K’
  250 |     result = result * [01;36m[Kfiltered_scan_ptr[m[K + transformed_scan_ptr
      |                       [01;36m[K^~~~~~~~~~~~~~~~~[m[K
In file included from [01m[K/usr/include/eigen3/Eigen/Core:436[m[K,
                 from [01m[K/usr/include/eigen3/Eigen/Geometry:11[m[K,
                 from [01m[K/opt/ros/noetic/include/tf2_eigen/tf2_eigen.h:33[m[K,
                 from [01m[K/root/catkin_ws/src/localization/src/localizer_node.cpp:12[m[K:
[01m[K/usr/include/eigen3/Eigen/src/Core/MatrixBase.h:185:5:[m[K [01;36m[Knote: [m[Kcandidate: ‘[01m[Ktemplate<class DiagonalDerived> const Eigen::Product<Derived, OtherDerived, 1> Eigen::MatrixBase<Derived>::operator*(const Eigen::DiagonalBase<DiagonalDerived>&) const [with DiagonalDerived = DiagonalDerived; Derived = Eigen::Matrix<float, 4, 4>][m[K’
  185 |     [01;36m[Koperator[m[K*(const DiagonalBase<DiagonalDerived> &diagonal) const;
      |     [01;36m[K^~~~~~~~[m[K
[01m[K/usr/include/eigen3/Eigen/src/Core/MatrixBase.h:185:5:[m[K [01;36m[Knote: [m[K  template argument deduction/substitution failed:
[01m[K/root/catkin_ws/src/localization/src/localizer_node.cpp:250:23:[m[K [01;36m[Knote: [m[K  ‘[01m[Kpcl::PointCloud<pcl::PointXYZI>::Ptr[m[K’ {aka ‘[01m[Kboost::shared_ptr<pcl::PointCloud<pcl::PointXYZI> >[m[K’} is not derived from ‘[01m[Kconst Eigen::DiagonalBase<T>[m[K’
  250 |     result = result * [01;36m[Kfiltered_scan_ptr[m[K + transformed_scan_ptr
      |                       [01;36m[K^~~~~~~~~~~~~~~~~[m[K
In file included from [01m[K/usr/include/boost/property_map/property_map.hpp:21[m[K,
                 from [01m[K/usr/include/boost/graph/properties.hpp:19[m[K,
                 from [01m[K/usr/include/boost/graph/named_function_params.hpp:26[m[K,
                 from [01m[K/usr/include/boost/graph/dijkstra_shortest_paths.hpp:20[m[K,
                 from [01m[K/usr/include/pcl-1.10/pcl/registration/boost.h:48[m[K,
                 from [01m[K/usr/include/pcl-1.10/pcl/registration/registration.h:48[m[K,
                 from [01m[K/usr/include/pcl-1.10/pcl/registration/icp.h:47[m[K,
                 from [01m[K/root/catkin_ws/src/localization/src/localizer_node.cpp:17[m[K:
[01m[K/usr/include/boost/concept_archetype.hpp:316:3:[m[K [01;36m[Knote: [m[Kcandidate: ‘[01m[Ktemplate<class Base> boost::multipliable_archetype<Base> boost::operator*(const boost::multipliable_archetype<Base>&, const boost::multipliable_archetype<Base>&)[m[K’
  316 |   [01;36m[KBOOST_DEFINE_OPERATOR_ARCHETYPE[m[K(*, multipliable)
      |   [01;36m[K^~~~~~~~~~~~~~~~~~~~~~~~~~~~~~~[m[K
[01m[K/usr/include/boost/concept_archetype.hpp:316:3:[m[K [01;36m[Knote: [m[K  template argument deduction/substitution failed:
[01m[K/root/catkin_ws/src/localization/src/localizer_node.cpp:250:23:[m[K [01;36m[Knote: [m[K  ‘[01m[KEigen::Matrix4f[m[K’ {aka ‘[01m[KEigen::Matrix<float, 4, 4>[m[K’} is not derived from ‘[01m[Kconst boost::multipliable_archetype<Base>[m[K’
  250 |     result = result * [01;36m[Kfiltered_scan_ptr[m[K + transformed_scan_ptr
      |                       [01;36m[K^~~~~~~~~~~~~~~~~[m[K
In file included from [01m[K/usr/include/boost/property_map/property_map.hpp:21[m[K,
                 from [01m[K/usr/include/boost/graph/properties.hpp:19[m[K,
                 from [01m[K/usr/include/boost/graph/named_function_params.hpp:26[m[K,
                 from [01m[K/usr/include/boost/graph/dijkstra_shortest_paths.hpp:20[m[K,
                 from [01m[K/usr/include/pcl-1.10/pcl/registration/boost.h:48[m[K,
                 from [01m[K/usr/include/pcl-1.10/pcl/registration/registration.h:48[m[K,
                 from [01m[K/usr/include/pcl-1.10/pcl/registration/icp.h:47[m[K,
                 from [01m[K/root/catkin_ws/src/localization/src/localizer_node.cpp:17[m[K:
[01m[K/usr/include/boost/concept_archetype.hpp:344:3:[m[K [01;36m[Knote: [m[Kcandidate: ‘[01m[Ktemplate<class Return, class BaseFirst, class BaseSecond> Return boost::operator*(const boost::time_op_first_archetype<Return, BaseFirst>&, const boost::time_op_second_archetype<Return, BaseSecond>&)[m[K’
  344 |   [01;36m[KBOOST_DEFINE_BINARY_OPERATOR_ARCHETYPE[m[K(*, time_op)
      |   [01;36m[K^~~~~~~~~~~~~~~~~~~~~~~~~~~~~~~~~~~~~~[m[K
[01m[K/usr/include/boost/concept_archetype.hpp:344:3:[m[K [01;36m[Knote: [m[K  template argument deduction/substitution failed:
[01m[K/root/catkin_ws/src/localization/src/localizer_node.cpp:250:23:[m[K [01;36m[Knote: [m[K  ‘[01m[KEigen::Matrix4f[m[K’ {aka ‘[01m[KEigen::Matrix<float, 4, 4>[m[K’} is not derived from ‘[01m[Kconst boost::time_op_first_archetype<Return, BaseFirst>[m[K’
  250 |     result = result * [01;36m[Kfiltered_scan_ptr[m[K + transformed_scan_ptr
      |                       [01;36m[K^~~~~~~~~~~~~~~~~[m[K
In file included from [01m[K/usr/include/eigen3/Eigen/Core:487[m[K,
                 from [01m[K/usr/include/eigen3/Eigen/Geometry:11[m[K,
                 from [01m[K/opt/ros/noetic/include/tf2_eigen/tf2_eigen.h:33[m[K,
                 from [01m[K/root/catkin_ws/src/localization/src/localizer_node.cpp:12[m[K:
[01m[K/usr/include/eigen3/Eigen/src/Core/PermutationMatrix.h:543:1:[m[K [01;36m[Knote: [m[Kcandidate: ‘[01m[Ktemplate<class MatrixDerived, class PermutationDerived> const Eigen::Product<MatrixDerived, PermutationDerived, 2> Eigen::operator*(const Eigen::MatrixBase<Derived>&, const Eigen::PermutationBase<PermutationDerived>&)[m[K’
  543 | [01;36m[Koperator[m[K*(const MatrixBase<MatrixDerived> &matrix,
      | [01;36m[K^~~~~~~~[m[K
[01m[K/usr/include/eigen3/Eigen/src/Core/PermutationMatrix.h:543:1:[m[K [01;36m[Knote: [m[K  template argument deduction/substitution failed:
[01m[K/root/catkin_ws/src/localization/src/localizer_node.cpp:250:23:[m[K [01;36m[Knote: [m[K  ‘[01m[Kpcl::PointCloud<pcl::PointXYZI>::Ptr[m[K’ {aka ‘[01m[Kboost::shared_ptr<pcl::PointCloud<pcl::PointXYZI> >[m[K’} is not derived from ‘[01m[Kconst Eigen::PermutationBase<PermutationDerived>[m[K’
  250 |     result = result * [01;36m[Kfiltered_scan_ptr[m[K + transformed_scan_ptr
      |                       [01;36m[K^~~~~~~~~~~~~~~~~[m[K
In file included from [01m[K/usr/include/eigen3/Eigen/Core:487[m[K,
                 from [01m[K/usr/include/eigen3/Eigen/Geometry:11[m[K,
                 from [01m[K/opt/ros/noetic/include/tf2_eigen/tf2_eigen.h:33[m[K,
                 from [01m[K/root/catkin_ws/src/localization/src/localizer_node.cpp:12[m[K:
[01m[K/usr/include/eigen3/Eigen/src/Core/PermutationMatrix.h:555:1:[m[K [01;36m[Knote: [m[Kcandidate: ‘[01m[Ktemplate<class PermutationDerived, class MatrixDerived> const Eigen::Product<MatrixDerived, PermutationDerived, 2> Eigen::operator*(const Eigen::PermutationBase<PermutationDerived>&, const Eigen::MatrixBase<U>&)[m[K’
  555 | [01;36m[Koperator[m[K*(const PermutationBase<PermutationDerived> &permutation,
      | [01;36m[K^~~~~~~~[m[K
[01m[K/usr/include/eigen3/Eigen/src/Core/PermutationMatrix.h:555:1:[m[K [01;36m[Knote: [m[K  template argument deduction/substitution failed:
[01m[K/root/catkin_ws/src/localization/src/localizer_node.cpp:250:23:[m[K [01;36m[Knote: [m[K  ‘[01m[KEigen::Matrix4f[m[K’ {aka ‘[01m[KEigen::Matrix<float, 4, 4>[m[K’} is not derived from ‘[01m[Kconst Eigen::PermutationBase<PermutationDerived>[m[K’
  250 |     result = result * [01;36m[Kfiltered_scan_ptr[m[K + transformed_scan_ptr
      |                       [01;36m[K^~~~~~~~~~~~~~~~~[m[K
In file included from [01m[K/usr/include/eigen3/Eigen/Core:488[m[K,
                 from [01m[K/usr/include/eigen3/Eigen/Geometry:11[m[K,
                 from [01m[K/opt/ros/noetic/include/tf2_eigen/tf2_eigen.h:33[m[K,
                 from [01m[K/root/catkin_ws/src/localization/src/localizer_node.cpp:12[m[K:
[01m[K/usr/include/eigen3/Eigen/src/Core/Transpositions.h:338:1:[m[K [01;36m[Knote: [m[Kcandidate: ‘[01m[Ktemplate<class MatrixDerived, class TranspositionsDerived> const Eigen::Product<MatrixDerived, PermutationDerived, 2> Eigen::operator*(const Eigen::MatrixBase<Derived>&, const Eigen::TranspositionsBase<TranspositionsDerived>&)[m[K’
  338 | [01;36m[Koperator[m[K*(const MatrixBase<MatrixDerived> &matrix,
      | [01;36m[K^~~~~~~~[m[K
[01m[K/usr/include/eigen3/Eigen/src/Core/Transpositions.h:338:1:[m[K [01;36m[Knote: [m[K  template argument deduction/substitution failed:
[01m[K/root/catkin_ws/src/localization/src/localizer_node.cpp:250:23:[m[K [01;36m[Knote: [m[K  ‘[01m[Kpcl::PointCloud<pcl::PointXYZI>::Ptr[m[K’ {aka ‘[01m[Kboost::shared_ptr<pcl::PointCloud<pcl::PointXYZI> >[m[K’} is not derived from ‘[01m[Kconst Eigen::TranspositionsBase<TranspositionsDerived>[m[K’
  250 |     result = result * [01;36m[Kfiltered_scan_ptr[m[K + transformed_scan_ptr
      |                       [01;36m[K^~~~~~~~~~~~~~~~~[m[K
In file included from [01m[K/usr/include/eigen3/Eigen/Core:488[m[K,
                 from [01m[K/usr/include/eigen3/Eigen/Geometry:11[m[K,
                 from [01m[K/opt/ros/noetic/include/tf2_eigen/tf2_eigen.h:33[m[K,
                 from [01m[K/root/catkin_ws/src/localization/src/localizer_node.cpp:12[m[K:
[01m[K/usr/include/eigen3/Eigen/src/Core/Transpositions.h:350:1:[m[K [01;36m[Knote: [m[Kcandidate: ‘[01m[Ktemplate<class TranspositionsDerived, class MatrixDerived> const Eigen::Product<MatrixDerived, PermutationDerived, 2> Eigen::operator*(const Eigen::TranspositionsBase<TranspositionsDerived>&, const Eigen::MatrixBase<U>&)[m[K’
  350 | [01;36m[Koperator[m[K*(const TranspositionsBase<TranspositionsDerived> &transpositions,
      | [01;36m[K^~~~~~~~[m[K
[01m[K/usr/include/eigen3/Eigen/src/Core/Transpositions.h:350:1:[m[K [01;36m[Knote: [m[K  template argument deduction/substitution failed:
[01m[K/root/catkin_ws/src/localization/src/localizer_node.cpp:250:23:[m[K [01;36m[Knote: [m[K  ‘[01m[KEigen::Matrix4f[m[K’ {aka ‘[01m[KEigen::Matrix<float, 4, 4>[m[K’} is not derived from ‘[01m[Kconst Eigen::TranspositionsBase<TranspositionsDerived>[m[K’
  250 |     result = result * [01;36m[Kfiltered_scan_ptr[m[K + transformed_scan_ptr
      |                       [01;36m[K^~~~~~~~~~~~~~~~~[m[K
In file included from [01m[K/usr/include/eigen3/Eigen/Householder:24[m[K,
                 from [01m[K/usr/include/eigen3/Eigen/QR:17[m[K,
                 from [01m[K/usr/include/eigen3/Eigen/SVD:11[m[K,
                 from [01m[K/usr/include/eigen3/Eigen/Geometry:15[m[K,
                 from [01m[K/opt/ros/noetic/include/tf2_eigen/tf2_eigen.h:33[m[K,
                 from [01m[K/root/catkin_ws/src/localization/src/localizer_node.cpp:12[m[K:
[01m[K/usr/include/eigen3/Eigen/src/Householder/HouseholderSequence.h:438:99:[m[K [01;36m[Knote: [m[Kcandidate: ‘[01m[Ktemplate<class OtherDerived, class VectorsType, class CoeffsType, int Side> typename Eigen::internal::matrix_type_times_scalar_type<typename VectorsType::Scalar, OtherDerived>::Type Eigen::operator*(const Eigen::MatrixBase<Derived>&, const Eigen::HouseholderSequence<VectorsType, CoeffsType, Side>&)[m[K’
  438 | typename internal::matrix_type_times_scalar_type<typename VectorsType::Scalar,OtherDerived>::Type [01;36m[Koperator[m[K*(const MatrixBase<OtherDerived>& other, const HouseholderSequence<VectorsType,CoeffsType,Side>& h)
      |                                                                                                   [01;36m[K^~~~~~~~[m[K
[01m[K/usr/include/eigen3/Eigen/src/Householder/HouseholderSequence.h:438:99:[m[K [01;36m[Knote: [m[K  template argument deduction/substitution failed:
[01m[K/root/catkin_ws/src/localization/src/localizer_node.cpp:250:23:[m[K [01;36m[Knote: [m[K  ‘[01m[Kpcl::PointCloud<pcl::PointXYZI>::Ptr[m[K’ {aka ‘[01m[Kboost::shared_ptr<pcl::PointCloud<pcl::PointXYZI> >[m[K’} is not derived from ‘[01m[Kconst Eigen::HouseholderSequence<VectorsType, CoeffsType, Side>[m[K’
  250 |     result = result * [01;36m[Kfiltered_scan_ptr[m[K + transformed_scan_ptr
      |                       [01;36m[K^~~~~~~~~~~~~~~~~[m[K
In file included from [01m[K/usr/include/eigen3/Eigen/Geometry:46[m[K,
                 from [01m[K/opt/ros/noetic/include/tf2_eigen/tf2_eigen.h:33[m[K,
                 from [01m[K/root/catkin_ws/src/localization/src/localizer_node.cpp:12[m[K:
[01m[K/usr/include/eigen3/Eigen/src/Geometry/Scaling.h:117:1:[m[K [01;36m[Knote: [m[Kcandidate: ‘[01m[Ktemplate<class Derived, class Scalar> Eigen::CwiseBinaryOp<Eigen::internal::scalar_product_op<typename Eigen::internal::traits<T>::Scalar, Scalar>, const Derived, const typename Eigen::internal::plain_constant_type<Expr, Scalar>::type> Eigen::operator*(const Eigen::MatrixBase<Derived>&, const Eigen::UniformScaling<Scalar>&)[m[K’
  117 | [01;36m[Koperator[m[K*(const MatrixBase<Derived>& matrix, const UniformScaling<Scalar>& s)
      | [01;36m[K^~~~~~~~[m[K
[01m[K/usr/include/eigen3/Eigen/src/Geometry/Scaling.h:117:1:[m[K [01;36m[Knote: [m[K  template argument deduction/substitution failed:
[01m[K/root/catkin_ws/src/localization/src/localizer_node.cpp:250:23:[m[K [01;36m[Knote: [m[K  ‘[01m[Kpcl::PointCloud<pcl::PointXYZI>::Ptr[m[K’ {aka ‘[01m[Kboost::shared_ptr<pcl::PointCloud<pcl::PointXYZI> >[m[K’} is not derived from ‘[01m[Kconst Eigen::UniformScaling<Scalar>[m[K’
  250 |     result = result * [01;36m[Kfiltered_scan_ptr[m[K + transformed_scan_ptr
      |                       [01;36m[K^~~~~~~~~~~~~~~~~[m[K
In file included from [01m[K/usr/include/eigen3/Eigen/Core:88[m[K,
                 from [01m[K/usr/include/eigen3/Eigen/Geometry:11[m[K,
                 from [01m[K/opt/ros/noetic/include/tf2_eigen/tf2_eigen.h:33[m[K,
                 from [01m[K/root/catkin_ws/src/localization/src/localizer_node.cpp:12[m[K:
[01m[K/usr/include/eigen3/Eigen/src/Core/../plugins/CommonCwiseBinaryOps.h:50:29:[m[K [01;36m[Knote: [m[Kcandidate: ‘[01m[Ktemplate<class T> typename Eigen::internal::enable_if<true, const Eigen::CwiseBinaryOp<Eigen::internal::scalar_product_op<typename Eigen::internal::promote_scalar_arg<float, T, Eigen::internal::has_ReturnType<Eigen::ScalarBinaryOpTraits<T, float, Eigen::internal::scalar_product_op<T, float> > >::value>::type, float>, const typename Eigen::internal::plain_constant_type<Eigen::Matrix<float, 4, 4>, typename Eigen::internal::promote_scalar_arg<float, T, Eigen::internal::has_ReturnType<Eigen::ScalarBinaryOpTraits<T, float, Eigen::internal::scalar_product_op<T, float> > >::value>::type>::type, const Eigen::Matrix<float, 4, 4> > >::type Eigen::operator*(const T&, const StorageBaseType&)[m[K’
   50 | EIGEN_MAKE_SCALAR_BINARY_OP([01;36m[Koperator[m[K*,product)
      |                             [01;36m[K^~~~~~~~[m[K
[01m[K/usr/include/eigen3/Eigen/src/Core/util/Macros.h:990:4:[m[K [01;36m[Knote: [m[Kin definition of macro ‘[01m[KEIGEN_MAKE_SCALAR_BINARY_OP_ONTHELEFT[m[K’
  990 |   ([01;36m[KMETHOD[m[K)(const T& scalar, const StorageBaseType& matrix) { \
      |    [01;36m[K^~~~~~[m[K
[01m[K/usr/include/eigen3/Eigen/src/Core/../plugins/CommonCwiseBinaryOps.h:50:1:[m[K [01;36m[Knote: [m[Kin expansion of macro ‘[01m[KEIGEN_MAKE_SCALAR_BINARY_OP[m[K’
   50 | [01;36m[KEIGEN_MAKE_SCALAR_BINARY_OP[m[K(operator*,product)
      | [01;36m[K^~~~~~~~~~~~~~~~~~~~~~~~~~~[m[K
[01m[K/usr/include/eigen3/Eigen/src/Core/../plugins/CommonCwiseBinaryOps.h:50:29:[m[K [01;36m[Knote: [m[K  template argument deduction/substitution failed:
   50 | EIGEN_MAKE_SCALAR_BINARY_OP([01;36m[Koperator[m[K*,product)
      |                             [01;36m[K^~~~~~~~[m[K
[01m[K/usr/include/eigen3/Eigen/src/Core/util/Macros.h:990:4:[m[K [01;36m[Knote: [m[Kin definition of macro ‘[01m[KEIGEN_MAKE_SCALAR_BINARY_OP_ONTHELEFT[m[K’
  990 |   ([01;36m[KMETHOD[m[K)(const T& scalar, const StorageBaseType& matrix) { \
      |    [01;36m[K^~~~~~[m[K
[01m[K/usr/include/eigen3/Eigen/src/Core/../plugins/CommonCwiseBinaryOps.h:50:1:[m[K [01;36m[Knote: [m[Kin expansion of macro ‘[01m[KEIGEN_MAKE_SCALAR_BINARY_OP[m[K’
   50 | [01;36m[KEIGEN_MAKE_SCALAR_BINARY_OP[m[K(operator*,product)
      | [01;36m[K^~~~~~~~~~~~~~~~~~~~~~~~~~~[m[K
[01m[K/root/catkin_ws/src/localization/src/localizer_node.cpp:250:23:[m[K [01;36m[Knote: [m[K  cannot convert ‘[01m[Kfiltered_scan_ptr[m[K’ (type ‘[01m[Kpcl::PointCloud<pcl::PointXYZI>::Ptr[m[K’ {aka ‘[01m[Kboost::shared_ptr<pcl::PointCloud<pcl::PointXYZI> >[m[K’}) to type ‘[01m[Kconst StorageBaseType&[m[K’ {aka ‘[01m[Kconst Eigen::MatrixBase<Eigen::Matrix<float, 4, 4> >&[m[K’}
  250 |     result = result * [01;36m[Kfiltered_scan_ptr[m[K + transformed_scan_ptr
      |                       [01;36m[K^~~~~~~~~~~~~~~~~[m[K
make[2]: *** [CMakeFiles/localizer.dir/build.make:63: CMakeFiles/localizer.dir/src/localizer_node.cpp.o] Error 1
make[1]: *** [CMakeFiles/Makefile2:2056: CMakeFiles/localizer.dir/all] Error 2
make: *** [Makefile:141: all] Error 2
